# JRE version: Java(TM) SE Runtime Environment (8.0_101-b13) (build 1.8.0_101-b13)
# Java VM: Java HotSpot(TM) 64-Bit Server VM (25.101-b13 mixed mode windows-amd64 compressed oops)
Heap:
 PSYoungGen      total 232960K, used 173186K [0x00000000eab00000, 0x0000000100000000, 0x0000000100000000)
  eden space 116736K, 48% used [0x00000000eab00000,0x00000000ee2a2888,0x00000000f1d00000)
  from space 116224K, 99% used [0x00000000f1d00000,0x00000000f8e7e368,0x00000000f8e80000)
  to   space 116224K, 0% used [0x00000000f8e80000,0x00000000f8e80000,0x0000000100000000)
 ParOldGen       total 558080K, used 251840K [0x00000000c0000000, 0x00000000e2100000, 0x00000000eab00000)
  object space 558080K, 45% used [0x00000000c0000000,0x00000000cf5f0110,0x00000000e2100000)
 Metaspace       used 6483K, capacity 7192K, committed 7424K, reserved 1056768K
  class space    used 624K, capacity 656K, committed 768K, reserved 1048576K
GC Heap History (10 events):
Event: 4.621 GC heap before
{Heap before GC invocations=6 (full 1):
 PSYoungGen      total 204800K, used 196608K [0x00000000eab00000, 0x00000000f7b00000, 0x0000000100000000)
  eden space 196608K, 100% used [0x00000000eab00000,0x00000000f6b00000,0x00000000f6b00000)
  from space 8192K, 0% used [0x00000000f7300000,0x00000000f7300000,0x00000000f7b00000)
  to   space 8192K, 0% used [0x00000000f6b00000,0x00000000f6b00000,0x00000000f7300000)
 ParOldGen       total 236544K, used 91687K [0x00000000c0000000, 0x00000000ce700000, 0x00000000eab00000)
  object space 236544K, 38% used [0x00000000c0000000,0x00000000c5989c90,0x00000000ce700000)
 Metaspace       used 6419K, capacity 7192K, committed 7424K, reserved 1056768K
  class space    used 623K, capacity 656K, committed 768K, reserved 1048576K
Event: 4.697 GC heap after
Heap after GC invocations=6 (full 1):
 PSYoungGen      total 204800K, used 8192K [0x00000000eab00000, 0x0000000100000000, 0x0000000100000000)
  eden space 196608K, 0% used [0x00000000eab00000,0x00000000eab00000,0x00000000f6b00000)
  from space 8192K, 100% used [0x00000000f6b00000,0x00000000f7300000,0x00000000f7300000)
  to   space 111104K, 0% used [0x00000000f9380000,0x00000000f9380000,0x0000000100000000)
 ParOldGen       total 236544K, used 179413K [0x00000000c0000000, 0x00000000ce700000, 0x00000000eab00000)
  object space 236544K, 75% used [0x00000000c0000000,0x00000000caf357b0,0x00000000ce700000)
 Metaspace       used 6419K, capacity 7192K, committed 7424K, reserved 1056768K
  class space    used 623K, capacity 656K, committed 768K, reserved 1048576K
}
Event: 4.697 GC heap before
{Heap before GC invocations=7 (full 2):
 PSYoungGen      total 204800K, used 8192K [0x00000000eab00000, 0x0000000100000000, 0x0000000100000000)
  eden space 196608K, 0% used [0x00000000eab00000,0x00000000eab00000,0x00000000f6b00000)
  from space 8192K, 100% used [0x00000000f6b00000,0x00000000f7300000,0x00000000f7300000)
  to   space 111104K, 0% used [0x00000000f9380000,0x00000000f9380000,0x0000000100000000)
 ParOldGen       total 236544K, used 179413K [0x00000000c0000000, 0x00000000ce700000, 0x00000000eab00000)
  object space 236544K, 75% used [0x00000000c0000000,0x00000000caf357b0,0x00000000ce700000)
 Metaspace       used 6419K, capacity 7192K, committed 7424K, reserved 1056768K
  class space    used 623K, capacity 656K, committed 768K, reserved 1048576K
Event: 5.701 GC heap after
Heap after GC invocations=7 (full 2):
 PSYoungGen      total 204800K, used 0K [0x00000000eab00000, 0x0000000100000000, 0x0000000100000000)
  eden space 196608K, 0% used [0x00000000eab00000,0x00000000eab00000,0x00000000f6b00000)
  from space 8192K, 0% used [0x00000000f6b00000,0x00000000f6b00000,0x00000000f7300000)
  to   space 111104K, 0% used [0x00000000f9380000,0x00000000f9380000,0x0000000100000000)
 ParOldGen       total 236544K, used 179146K [0x00000000c0000000, 0x00000000ce700000, 0x00000000eab00000)
  object space 236544K, 75% used [0x00000000c0000000,0x00000000caef2af8,0x00000000ce700000)
 Metaspace       used 6419K, capacity 7192K, committed 7424K, reserved 1056768K
  class space    used 623K, capacity 656K, committed 768K, reserved 1048576K
}
Event: 6.587 GC heap before
{Heap before GC invocations=8 (full 3):
 PSYoungGen      total 204800K, used 196608K [0x00000000eab00000, 0x0000000100000000, 0x0000000100000000)
  eden space 196608K, 100% used [0x00000000eab00000,0x00000000f6b00000,0x00000000f6b00000)
  from space 8192K, 0% used [0x00000000f6b00000,0x00000000f6b00000,0x00000000f7300000)
  to   space 111104K, 0% used [0x00000000f9380000,0x00000000f9380000,0x0000000100000000)
 ParOldGen       total 236544K, used 179146K [0x00000000c0000000, 0x00000000ce700000, 0x00000000eab00000)
  object space 236544K, 75% used [0x00000000c0000000,0x00000000caef2af8,0x00000000ce700000)
 Metaspace       used 6421K, capacity 7192K, committed 7424K, reserved 1056768K
  class space    used 623K, capacity 656K, committed 768K, reserved 1048576K
Event: 8.507 GC heap after
Heap after GC invocations=8 (full 3):
 PSYoungGen      total 204800K, used 0K [0x00000000eab00000, 0x0000000100000000, 0x0000000100000000)
  eden space 196608K, 0% used [0x00000000eab00000,0x00000000eab00000,0x00000000f6b00000)
  from space 8192K, 0% used [0x00000000f6b00000,0x00000000f6b00000,0x00000000f7300000)
  to   space 111104K, 0% used [0x00000000f9380000,0x00000000f9380000,0x0000000100000000)
 ParOldGen       total 558080K, used 232654K [0x00000000c0000000, 0x00000000e2100000, 0x00000000eab00000)
  object space 558080K, 41% used [0x00000000c0000000,0x00000000ce333a68,0x00000000e2100000)
 Metaspace       used 6421K, capacity 7192K, committed 7424K, reserved 1056768K
  class space    used 623K, capacity 656K, committed 768K, reserved 1048576K
}
Event: 9.127 GC heap before
{Heap before GC invocations=9 (full 3):
 PSYoungGen      total 204800K, used 196608K [0x00000000eab00000, 0x0000000100000000, 0x0000000100000000)
  eden space 196608K, 100% used [0x00000000eab00000,0x00000000f6b00000,0x00000000f6b00000)
  from space 8192K, 0% used [0x00000000f6b00000,0x00000000f6b00000,0x00000000f7300000)
  to   space 111104K, 0% used [0x00000000f9380000,0x00000000f9380000,0x0000000100000000)
 ParOldGen       total 558080K, used 232654K [0x00000000c0000000, 0x00000000e2100000, 0x00000000eab00000)
  object space 558080K, 41% used [0x00000000c0000000,0x00000000ce333a68,0x00000000e2100000)
 Metaspace       used 6480K, capacity 7192K, committed 7424K, reserved 1056768K
  class space    used 624K, capacity 656K, committed 768K, reserved 1048576K
Event: 9.238 GC heap after
Heap after GC invocations=9 (full 3):
 PSYoungGen      total 227840K, used 76679K [0x00000000eab00000, 0x0000000100000000, 0x0000000100000000)
  eden space 116736K, 0% used [0x00000000eab00000,0x00000000eab00000,0x00000000f1d00000)
  from space 111104K, 69% used [0x00000000f9380000,0x00000000fde61fc8,0x0000000100000000)
  to   space 116224K, 0% used [0x00000000f1d00000,0x00000000f1d00000,0x00000000f8e80000)
 ParOldGen       total 558080K, used 232654K [0x00000000c0000000, 0x00000000e2100000, 0x00000000eab00000)
  object space 558080K, 41% used [0x00000000c0000000,0x00000000ce333a68,0x00000000e2100000)
 Metaspace       used 6480K, capacity 7192K, committed 7424K, reserved 1056768K
  class space    used 624K, capacity 656K, committed 768K, reserved 1048576K
}
Event: 9.351 GC heap before
{Heap before GC invocations=10 (full 3):
 PSYoungGen      total 227840K, used 193415K [0x00000000eab00000, 0x0000000100000000, 0x0000000100000000)
  eden space 116736K, 100% used [0x00000000eab00000,0x00000000f1d00000,0x00000000f1d00000)
  from space 111104K, 69% used [0x00000000f9380000,0x00000000fde61fc8,0x0000000100000000)
  to   space 116224K, 0% used [0x00000000f1d00000,0x00000000f1d00000,0x00000000f8e80000)
 ParOldGen       total 558080K, used 232654K [0x00000000c0000000, 0x00000000e2100000, 0x00000000eab00000)
  object space 558080K, 41% used [0x00000000c0000000,0x00000000ce333a68,0x00000000e2100000)
 Metaspace       used 6483K, capacity 7192K, committed 7424K, reserved 1056768K
  class space    used 624K, capacity 656K, committed 768K, reserved 1048576K
Event: 9.427 GC heap after
Heap after GC invocations=10 (full 3):
 PSYoungGen      total 232960K, used 116216K [0x00000000eab00000, 0x0000000100000000, 0x0000000100000000)
  eden space 116736K, 0% used [0x00000000eab00000,0x00000000eab00000,0x00000000f1d00000)
  from space 116224K, 99% used [0x00000000f1d00000,0x00000000f8e7e368,0x00000000f8e80000)
  to   space 116224K, 0% used [0x00000000f8e80000,0x00000000f8e80000,0x0000000100000000)
 ParOldGen       total 558080K, used 251840K [0x00000000c0000000, 0x00000000e2100000, 0x00000000eab00000)
  object space 558080K, 45% used [0x00000000c0000000,0x00000000cf5f0110,0x00000000e2100000)
 Metaspace       used 6483K, capacity 7192K, committed 7424K, reserved 1056768K
  class space    used 624K, capacity 656K, committed 768K, reserved 1048576K
}

